mode: atomic
github.com/gritsulyak/awesomeProject/internal/repository/satellite/repository.go:14.44,16.2 1 1
github.com/gritsulyak/awesomeProject/internal/repository/satellite/repository.go:18.75,21.2 2 2
github.com/gritsulyak/awesomeProject/internal/repository/satellite/repository.go:23.92,26.16 3 0
github.com/gritsulyak/awesomeProject/internal/repository/satellite/repository.go:26.16,28.3 1 0
github.com/gritsulyak/awesomeProject/internal/repository/satellite/repository.go:29.2,29.16 1 0
github.com/gritsulyak/awesomeProject/internal/service/satellite/service.go:31.70,36.2 1 0
github.com/gritsulyak/awesomeProject/internal/service/satellite/service.go:38.98,41.16 3 0
github.com/gritsulyak/awesomeProject/internal/service/satellite/service.go:41.16,43.3 1 0
github.com/gritsulyak/awesomeProject/internal/service/satellite/service.go:45.2,45.32 1 0
github.com/gritsulyak/awesomeProject/internal/service/satellite/service.go:45.32,47.3 1 0
github.com/gritsulyak/awesomeProject/internal/service/satellite/service.go:49.2,50.16 2 0
github.com/gritsulyak/awesomeProject/internal/service/satellite/service.go:50.16,52.3 1 0
github.com/gritsulyak/awesomeProject/internal/service/satellite/service.go:54.2,54.23 1 0
github.com/gritsulyak/awesomeProject/internal/service/cache/cache.go:18.52,20.2 1 2
github.com/gritsulyak/awesomeProject/internal/service/cache/cache.go:22.98,24.16 2 2
github.com/gritsulyak/awesomeProject/internal/service/cache/cache.go:24.16,26.3 1 0
github.com/gritsulyak/awesomeProject/internal/service/cache/cache.go:28.2,29.16 2 2
github.com/gritsulyak/awesomeProject/internal/service/cache/cache.go:29.16,31.3 1 0
github.com/gritsulyak/awesomeProject/internal/service/cache/cache.go:33.2,33.12 1 2
github.com/gritsulyak/awesomeProject/internal/service/cache/cache.go:36.101,39.32 2 0
github.com/gritsulyak/awesomeProject/internal/service/cache/cache.go:39.32,41.17 2 0
github.com/gritsulyak/awesomeProject/internal/service/cache/cache.go:41.17,43.4 1 0
github.com/gritsulyak/awesomeProject/internal/service/cache/cache.go:45.3,45.47 1 0
github.com/gritsulyak/awesomeProject/internal/service/cache/cache.go:48.2,49.16 2 0
github.com/gritsulyak/awesomeProject/internal/service/cache/cache.go:49.16,51.3 1 0
github.com/gritsulyak/awesomeProject/internal/service/cache/cache.go:53.2,53.12 1 0
github.com/gritsulyak/awesomeProject/internal/service/cache/cache.go:56.78,58.16 2 0
github.com/gritsulyak/awesomeProject/internal/service/cache/cache.go:58.16,60.3 1 0
github.com/gritsulyak/awesomeProject/internal/service/cache/cache.go:62.2,63.16 2 0
github.com/gritsulyak/awesomeProject/internal/service/cache/cache.go:63.16,65.3 1 0
github.com/gritsulyak/awesomeProject/internal/service/cache/cache.go:67.2,67.12 1 0
github.com/gritsulyak/awesomeProject/internal/model/satellite.go:12.46,14.2 1 0
github.com/gritsulyak/awesomeProject/internal/model/satellite.go:16.45,18.74 2 0
github.com/gritsulyak/awesomeProject/internal/model/satellite.go:18.74,20.3 1 0
github.com/gritsulyak/awesomeProject/internal/model/satellite.go:21.2,22.12 2 0
github.com/gritsulyak/awesomeProject/internal/application/app.go:32.20,36.2 1 0
github.com/gritsulyak/awesomeProject/internal/application/app.go:38.50,40.16 2 0
github.com/gritsulyak/awesomeProject/internal/application/app.go:40.16,42.3 1 0
github.com/gritsulyak/awesomeProject/internal/application/app.go:43.2,62.12 13 0
github.com/gritsulyak/awesomeProject/internal/application/app.go:62.12,63.104 1 0
github.com/gritsulyak/awesomeProject/internal/application/app.go:63.104,65.4 1 0
github.com/gritsulyak/awesomeProject/internal/application/app.go:68.2,75.12 5 0
github.com/gritsulyak/awesomeProject/internal/application/app.go:75.12,76.87 1 0
github.com/gritsulyak/awesomeProject/internal/application/app.go:76.87,78.4 1 0
github.com/gritsulyak/awesomeProject/internal/application/app.go:81.2,81.12 1 0
github.com/gritsulyak/awesomeProject/internal/application/app.go:84.49,88.21 3 0
github.com/gritsulyak/awesomeProject/internal/application/app.go:88.21,90.3 1 0
github.com/gritsulyak/awesomeProject/internal/application/app.go:91.2,91.26 1 0
github.com/gritsulyak/awesomeProject/internal/application/app.go:91.26,93.3 1 0
github.com/gritsulyak/awesomeProject/internal/application/app.go:94.2,94.19 1 0
github.com/gritsulyak/awesomeProject/internal/application/app.go:94.19,96.3 1 0
github.com/gritsulyak/awesomeProject/internal/application/app.go:97.2,97.12 1 0
github.com/gritsulyak/awesomeProject/internal/application/database.go:9.42,11.16 2 0
github.com/gritsulyak/awesomeProject/internal/application/database.go:11.16,13.3 1 0
github.com/gritsulyak/awesomeProject/internal/application/database.go:14.2,14.34 1 0
github.com/gritsulyak/awesomeProject/internal/application/database.go:14.34,16.3 1 0
github.com/gritsulyak/awesomeProject/internal/application/database.go:17.2,17.16 1 0
github.com/gritsulyak/awesomeProject/internal/config/config.go:30.36,34.2 1 0
github.com/gritsulyak/awesomeProject/internal/config/config.go:36.33,55.2 1 0
github.com/gritsulyak/awesomeProject/internal/transport/http/v1/controller.go:19.55,22.2 2 0
github.com/gritsulyak/awesomeProject/internal/transport/http/v1/get.go:9.52,12.16 3 0
github.com/gritsulyak/awesomeProject/internal/transport/http/v1/get.go:12.16,14.3 1 0
github.com/gritsulyak/awesomeProject/internal/transport/http/v1/get.go:15.2,15.43 1 0
github.com/gritsulyak/awesomeProject/cmd/main.go:13.13,18.39 4 0
github.com/gritsulyak/awesomeProject/cmd/main.go:18.39,20.3 1 0
github.com/gritsulyak/awesomeProject/cmd/main.go:22.2,27.38 5 0
github.com/gritsulyak/awesomeProject/cmd/main.go:27.38,29.3 1 0
